INFO 2024-09-08 18:04:13,788 autoreload Watching for file changes with StatReloader
INFO 2024-09-08 18:06:15,111 autoreload Watching for file changes with StatReloader
INFO 2024-09-08 18:12:47,476 autoreload Watching for file changes with StatReloader
INFO 2024-09-08 18:23:07,640 autoreload Watching for file changes with StatReloader
INFO 2024-09-08 18:28:14,145 autoreload Watching for file changes with StatReloader
INFO 2024-09-08 18:33:12,695 autoreload Watching for file changes with StatReloader
INFO 2024-09-08 23:41:22,245 autoreload Watching for file changes with StatReloader
INFO 2024-09-08 23:43:59,971 autoreload Watching for file changes with StatReloader
WARNING 2024-09-08 23:45:50,173 log Not Found: /
WARNING 2024-09-08 23:45:50,173 basehttp "POST / HTTP/1.1" 404 2305
WARNING 2024-09-08 23:46:01,899 log Not Found: /api/waitlist
WARNING 2024-09-08 23:46:01,900 basehttp "POST /api/waitlist HTTP/1.1" 404 4498
INFO 2024-09-08 23:46:27,138 autoreload Watching for file changes with StatReloader
ERROR 2024-09-08 23:46:49,747 log Internal Server Error: /api/credentials
Traceback (most recent call last):
  File "C:\Users\HP\documents\myProjects\ethSafari\ecvs-system\venv\Lib\site-packages\django\core\handlers\exception.py", line 55, in inner
    response = get_response(request)
               ^^^^^^^^^^^^^^^^^^^^^
  File "C:\Users\HP\documents\myProjects\ethSafari\ecvs-system\venv\Lib\site-packages\django\utils\deprecation.py", line 131, in __call__
    response = self.process_response(request, response)
               ^^^^^^^^^^^^^^^^^^^^^^^^^^^^^^^^^^^^^^^^
  File "C:\Users\HP\documents\myProjects\ethSafari\ecvs-system\venv\Lib\site-packages\django\middleware\common.py", line 108, in process_response
    return self.response_redirect_class(self.get_full_path_with_slash(request))
                                        ^^^^^^^^^^^^^^^^^^^^^^^^^^^^^^^^^^^^^^
  File "C:\Users\HP\documents\myProjects\ethSafari\ecvs-system\venv\Lib\site-packages\django\middleware\common.py", line 87, in get_full_path_with_slash
    raise RuntimeError(
RuntimeError: You called this URL via POST, but the URL doesn't end in a slash and you have APPEND_SLASH set. Django can't redirect to the slash URL while maintaining POST data. Change your form to point to 127.0.0.1:8000/api/credentials/ (note the trailing slash), or set APPEND_SLASH=False in your Django settings.
ERROR 2024-09-08 23:46:49,755 basehttp "POST /api/credentials HTTP/1.1" 500 72256
ERROR 2024-09-08 23:47:24,035 log Internal Server Error: /api/credentials/
Traceback (most recent call last):
  File "C:\Users\HP\documents\myProjects\ethSafari\ecvs-system\venv\Lib\site-packages\django\core\handlers\exception.py", line 55, in inner
    response = get_response(request)
               ^^^^^^^^^^^^^^^^^^^^^
  File "C:\Users\HP\documents\myProjects\ethSafari\ecvs-system\venv\Lib\site-packages\django\core\handlers\base.py", line 197, in _get_response
    response = wrapped_callback(request, *callback_args, **callback_kwargs)
               ^^^^^^^^^^^^^^^^^^^^^^^^^^^^^^^^^^^^^^^^^^^^^^^^^^^^^^^^^^^^
  File "C:\Users\HP\documents\myProjects\ethSafari\ecvs-system\venv\Lib\site-packages\django\views\decorators\csrf.py", line 65, in _view_wrapper
    return view_func(request, *args, **kwargs)
           ^^^^^^^^^^^^^^^^^^^^^^^^^^^^^^^^^^^
  File "C:\Users\HP\documents\myProjects\ethSafari\ecvs-system\venv\Lib\site-packages\rest_framework\viewsets.py", line 124, in view
    return self.dispatch(request, *args, **kwargs)
           ^^^^^^^^^^^^^^^^^^^^^^^^^^^^^^^^^^^^^^^
  File "C:\Users\HP\documents\myProjects\ethSafari\ecvs-system\venv\Lib\site-packages\rest_framework\views.py", line 509, in dispatch
    response = self.handle_exception(exc)
               ^^^^^^^^^^^^^^^^^^^^^^^^^^
  File "C:\Users\HP\documents\myProjects\ethSafari\ecvs-system\venv\Lib\site-packages\rest_framework\views.py", line 469, in handle_exception
    self.raise_uncaught_exception(exc)
  File "C:\Users\HP\documents\myProjects\ethSafari\ecvs-system\venv\Lib\site-packages\rest_framework\views.py", line 480, in raise_uncaught_exception
    raise exc
  File "C:\Users\HP\documents\myProjects\ethSafari\ecvs-system\venv\Lib\site-packages\rest_framework\views.py", line 506, in dispatch
    response = handler(request, *args, **kwargs)
               ^^^^^^^^^^^^^^^^^^^^^^^^^^^^^^^^^
  File "C:\Users\HP\documents\myProjects\ethSafari\ecvs-system\venv\Lib\site-packages\django_ratelimit\decorators.py", line 19, in _wrapped
    ratelimited = is_ratelimited(request=request, group=group, fn=fn,
                  ^^^^^^^^^^^^^^^^^^^^^^^^^^^^^^^^^^^^^^^^^^^^^^^^^^^
  File "C:\Users\HP\documents\myProjects\ethSafari\ecvs-system\venv\Lib\site-packages\django_ratelimit\core.py", line 153, in is_ratelimited
    usage = get_usage(request, group, fn, key, rate, method, increment)
            ^^^^^^^^^^^^^^^^^^^^^^^^^^^^^^^^^^^^^^^^^^^^^^^^^^^^^^^^^^^
  File "C:\Users\HP\documents\myProjects\ethSafari\ecvs-system\venv\Lib\site-packages\django_ratelimit\core.py", line 209, in get_usage
    value = _SIMPLE_KEYS[key](request)
            ^^^^^^^^^^^^^^^^^^^^^^^^^^
  File "C:\Users\HP\documents\myProjects\ethSafari\ecvs-system\venv\Lib\site-packages\django_ratelimit\core.py", line 70, in <lambda>
    'ip': lambda r: _get_ip(r),
                    ^^^^^^^^^^
  File "C:\Users\HP\documents\myProjects\ethSafari\ecvs-system\venv\Lib\site-packages\django_ratelimit\core.py", line 33, in _get_ip
    ip = request.META['REMOTE_ADDR']
         ^^^^^^^^^^^^
AttributeError: 'CredentialViewSet' object has no attribute 'META'
ERROR 2024-09-08 23:47:24,075 basehttp "POST /api/credentials/ HTTP/1.1" 500 114726
INFO 2024-09-08 23:47:48,036 autoreload Watching for file changes with StatReloader
ERROR 2024-09-08 23:48:01,550 log Internal Server Error: /api/credentials/
Traceback (most recent call last):
  File "C:\Users\HP\documents\myProjects\ethSafari\ecvs-system\venv\Lib\site-packages\django\core\handlers\exception.py", line 55, in inner
    response = get_response(request)
               ^^^^^^^^^^^^^^^^^^^^^
  File "C:\Users\HP\documents\myProjects\ethSafari\ecvs-system\venv\Lib\site-packages\django\core\handlers\base.py", line 197, in _get_response
    response = wrapped_callback(request, *callback_args, **callback_kwargs)
               ^^^^^^^^^^^^^^^^^^^^^^^^^^^^^^^^^^^^^^^^^^^^^^^^^^^^^^^^^^^^
  File "C:\Users\HP\documents\myProjects\ethSafari\ecvs-system\venv\Lib\site-packages\django\views\decorators\csrf.py", line 65, in _view_wrapper
    return view_func(request, *args, **kwargs)
           ^^^^^^^^^^^^^^^^^^^^^^^^^^^^^^^^^^^
  File "C:\Users\HP\documents\myProjects\ethSafari\ecvs-system\venv\Lib\site-packages\rest_framework\viewsets.py", line 124, in view
    return self.dispatch(request, *args, **kwargs)
           ^^^^^^^^^^^^^^^^^^^^^^^^^^^^^^^^^^^^^^^
  File "C:\Users\HP\documents\myProjects\ethSafari\ecvs-system\venv\Lib\site-packages\rest_framework\views.py", line 509, in dispatch
    response = self.handle_exception(exc)
               ^^^^^^^^^^^^^^^^^^^^^^^^^^
  File "C:\Users\HP\documents\myProjects\ethSafari\ecvs-system\venv\Lib\site-packages\rest_framework\views.py", line 469, in handle_exception
    self.raise_uncaught_exception(exc)
  File "C:\Users\HP\documents\myProjects\ethSafari\ecvs-system\venv\Lib\site-packages\rest_framework\views.py", line 480, in raise_uncaught_exception
    raise exc
  File "C:\Users\HP\documents\myProjects\ethSafari\ecvs-system\venv\Lib\site-packages\rest_framework\views.py", line 506, in dispatch
    response = handler(request, *args, **kwargs)
               ^^^^^^^^^^^^^^^^^^^^^^^^^^^^^^^^^
  File "C:\Users\HP\documents\myProjects\ethSafari\ecvs-system\venv\Lib\site-packages\django_ratelimit\decorators.py", line 19, in _wrapped
    ratelimited = is_ratelimited(request=request, group=group, fn=fn,
                  ^^^^^^^^^^^^^^^^^^^^^^^^^^^^^^^^^^^^^^^^^^^^^^^^^^^
  File "C:\Users\HP\documents\myProjects\ethSafari\ecvs-system\venv\Lib\site-packages\django_ratelimit\core.py", line 153, in is_ratelimited
    usage = get_usage(request, group, fn, key, rate, method, increment)
            ^^^^^^^^^^^^^^^^^^^^^^^^^^^^^^^^^^^^^^^^^^^^^^^^^^^^^^^^^^^
  File "C:\Users\HP\documents\myProjects\ethSafari\ecvs-system\venv\Lib\site-packages\django_ratelimit\core.py", line 209, in get_usage
    value = _SIMPLE_KEYS[key](request)
            ^^^^^^^^^^^^^^^^^^^^^^^^^^
  File "C:\Users\HP\documents\myProjects\ethSafari\ecvs-system\venv\Lib\site-packages\django_ratelimit\core.py", line 70, in <lambda>
    'ip': lambda r: _get_ip(r),
                    ^^^^^^^^^^
  File "C:\Users\HP\documents\myProjects\ethSafari\ecvs-system\venv\Lib\site-packages\django_ratelimit\core.py", line 33, in _get_ip
    ip = request.META['REMOTE_ADDR']
         ^^^^^^^^^^^^
AttributeError: 'CredentialViewSet' object has no attribute 'META'
ERROR 2024-09-08 23:48:01,566 basehttp "POST /api/credentials/ HTTP/1.1" 500 114726
INFO 2024-09-08 23:50:52,324 autoreload C:\Users\HP\Documents\myProjects\ethSafari\ecvs-system\server\ecvs\views.py changed, reloading.
INFO 2024-09-08 23:50:54,897 autoreload Watching for file changes with StatReloader
INFO 2024-09-08 23:51:07,836 autoreload C:\Users\HP\Documents\myProjects\ethSafari\ecvs-system\server\ecvs\views.py changed, reloading.
INFO 2024-09-08 23:51:10,569 autoreload Watching for file changes with StatReloader
INFO 2024-09-08 23:51:15,134 autoreload C:\Users\HP\Documents\myProjects\ethSafari\ecvs-system\server\ecvs\views.py changed, reloading.
INFO 2024-09-08 23:51:17,415 autoreload Watching for file changes with StatReloader
INFO 2024-09-08 23:51:27,528 autoreload C:\Users\HP\Documents\myProjects\ethSafari\ecvs-system\server\ecvs\views.py changed, reloading.
INFO 2024-09-08 23:51:29,661 autoreload Watching for file changes with StatReloader
INFO 2024-09-08 23:51:34,928 autoreload C:\Users\HP\Documents\myProjects\ethSafari\ecvs-system\server\ecvs\views.py changed, reloading.
INFO 2024-09-08 23:51:37,821 autoreload Watching for file changes with StatReloader
INFO 2024-09-08 23:51:57,537 views Creating credential: {'user': 1, 'degree': 'Bachelor of Science', 'institution': 'University of Nairobi', 'date_issued': '2023-05-01', 'credential_id': '234567'}
WARNING 2024-09-08 23:51:57,601 log Bad Request: /api/credentials/
WARNING 2024-09-08 23:51:57,601 basehttp "POST /api/credentials/ HTTP/1.1" 400 110
INFO 2024-09-08 23:52:46,144 autoreload C:\Users\HP\Documents\myProjects\ethSafari\ecvs-system\server\ecvs\views.py changed, reloading.
INFO 2024-09-08 23:52:47,720 autoreload Watching for file changes with StatReloader
INFO 2024-09-08 23:53:09,313 views Creating credential: {'user': 1, 'degree': 'Bachelor of Science', 'institution': 'University of Nairobi', 'date_issued': '2023-05-01', 'credential_id': '234567'}
WARNING 2024-09-08 23:53:09,337 log Bad Request: /api/credentials/
WARNING 2024-09-08 23:53:09,337 basehttp "POST /api/credentials/ HTTP/1.1" 400 110
INFO 2024-09-08 23:55:25,855 autoreload C:\Users\HP\Documents\myProjects\ethSafari\ecvs-system\server\ecvs\serializers.py changed, reloading.
INFO 2024-09-08 23:55:27,956 autoreload Watching for file changes with StatReloader
INFO 2024-09-08 23:55:46,019 autoreload C:\Users\HP\Documents\myProjects\ethSafari\ecvs-system\server\ecvs\views.py changed, reloading.
INFO 2024-09-08 23:55:48,867 autoreload Watching for file changes with StatReloader
INFO 2024-09-08 23:57:10,080 views Creating credential: {'user': 1, 'degree': 'Bachelor of Science', 'institution': 'University of Nairobi', 'date_issued': '2023-05-01', 'credential_id': '234567'}
INFO 2024-09-08 23:57:10,120 basehttp "POST /api/credentials/ HTTP/1.1" 201 181
INFO 2024-09-09 13:24:11,019 autoreload C:\Users\HP\Documents\myProjects\ethSafari\ecvs-system\server\ecvs\models.py changed, reloading.
INFO 2024-09-09 13:24:14,491 autoreload Watching for file changes with StatReloader
INFO 2024-09-09 13:25:53,394 autoreload C:\Users\HP\Documents\myProjects\ethSafari\ecvs-system\server\ecvs\serializers.py changed, reloading.
INFO 2024-09-09 13:25:57,074 autoreload Watching for file changes with StatReloader
INFO 2024-09-09 13:26:18,563 autoreload C:\Users\HP\Documents\myProjects\ethSafari\ecvs-system\server\ecvs\serializers.py changed, reloading.
INFO 2024-09-09 13:26:22,462 autoreload Watching for file changes with StatReloader
INFO 2024-09-09 13:26:31,266 autoreload C:\Users\HP\Documents\myProjects\ethSafari\ecvs-system\server\ecvs\serializers.py changed, reloading.
INFO 2024-09-09 13:26:34,500 autoreload Watching for file changes with StatReloader
INFO 2024-09-09 13:27:00,005 autoreload C:\Users\HP\Documents\myProjects\ethSafari\ecvs-system\server\ecvs\serializers.py changed, reloading.
INFO 2024-09-09 13:27:08,276 autoreload Watching for file changes with StatReloader
INFO 2024-09-09 13:28:01,409 autoreload C:\Users\HP\Documents\myProjects\ethSafari\ecvs-system\server\ecvs\views.py changed, reloading.
INFO 2024-09-09 13:28:04,233 autoreload Watching for file changes with StatReloader
INFO 2024-09-09 13:28:37,520 autoreload C:\Users\HP\Documents\myProjects\ethSafari\ecvs-system\server\ecvs\views.py changed, reloading.
INFO 2024-09-09 13:28:41,779 autoreload Watching for file changes with StatReloader
INFO 2024-09-09 13:28:47,963 autoreload C:\Users\HP\Documents\myProjects\ethSafari\ecvs-system\server\ecvs\views.py changed, reloading.
INFO 2024-09-09 13:28:52,771 autoreload Watching for file changes with StatReloader
INFO 2024-09-09 13:29:01,411 autoreload C:\Users\HP\Documents\myProjects\ethSafari\ecvs-system\server\ecvs\views.py changed, reloading.
INFO 2024-09-09 13:29:05,657 autoreload Watching for file changes with StatReloader
INFO 2024-09-09 13:37:10,257 autoreload C:\Users\HP\Documents\myProjects\ethSafari\ecvs-system\server\ecvs\serializers.py changed, reloading.
INFO 2024-09-09 13:37:12,903 autoreload Watching for file changes with StatReloader
INFO 2024-09-09 13:37:24,150 autoreload C:\Users\HP\Documents\myProjects\ethSafari\ecvs-system\server\ecvs\serializers.py changed, reloading.
INFO 2024-09-09 13:37:26,761 autoreload Watching for file changes with StatReloader
INFO 2024-09-09 13:37:32,490 autoreload C:\Users\HP\Documents\myProjects\ethSafari\ecvs-system\server\ecvs\serializers.py changed, reloading.
INFO 2024-09-09 13:37:36,320 autoreload Watching for file changes with StatReloader
INFO 2024-09-09 13:37:41,215 autoreload C:\Users\HP\Documents\myProjects\ethSafari\ecvs-system\server\ecvs\serializers.py changed, reloading.
INFO 2024-09-09 13:37:43,624 autoreload Watching for file changes with StatReloader
INFO 2024-09-09 13:37:49,253 autoreload C:\Users\HP\Documents\myProjects\ethSafari\ecvs-system\server\ecvs\serializers.py changed, reloading.
INFO 2024-09-09 13:37:52,548 autoreload Watching for file changes with StatReloader
INFO 2024-09-09 13:38:02,729 autoreload C:\Users\HP\Documents\myProjects\ethSafari\ecvs-system\server\ecvs\serializers.py changed, reloading.
INFO 2024-09-09 13:38:06,160 autoreload Watching for file changes with StatReloader
INFO 2024-09-09 13:38:12,524 autoreload C:\Users\HP\Documents\myProjects\ethSafari\ecvs-system\server\ecvs\serializers.py changed, reloading.
INFO 2024-09-09 13:38:14,670 autoreload Watching for file changes with StatReloader
INFO 2024-09-09 13:38:27,109 autoreload C:\Users\HP\Documents\myProjects\ethSafari\ecvs-system\server\ecvs\serializers.py changed, reloading.
INFO 2024-09-09 13:38:29,893 autoreload Watching for file changes with StatReloader
INFO 2024-09-09 13:39:24,218 autoreload C:\Users\HP\Documents\myProjects\ethSafari\ecvs-system\server\ecvs\views.py changed, reloading.
INFO 2024-09-09 13:39:26,636 autoreload Watching for file changes with StatReloader
INFO 2024-09-09 13:39:46,310 autoreload C:\Users\HP\Documents\myProjects\ethSafari\ecvs-system\server\ecvs\views.py changed, reloading.
INFO 2024-09-09 13:39:47,918 autoreload Watching for file changes with StatReloader
INFO 2024-09-09 13:39:57,425 autoreload C:\Users\HP\Documents\myProjects\ethSafari\ecvs-system\server\ecvs\views.py changed, reloading.
INFO 2024-09-09 13:39:59,051 autoreload Watching for file changes with StatReloader
INFO 2024-09-09 13:40:05,014 autoreload C:\Users\HP\Documents\myProjects\ethSafari\ecvs-system\server\ecvs\views.py changed, reloading.
INFO 2024-09-09 13:40:07,782 autoreload Watching for file changes with StatReloader
INFO 2024-09-09 13:40:26,118 autoreload C:\Users\HP\Documents\myProjects\ethSafari\ecvs-system\server\ecvs\views.py changed, reloading.
INFO 2024-09-09 13:40:29,238 autoreload Watching for file changes with StatReloader
INFO 2024-09-09 13:40:48,733 autoreload C:\Users\HP\Documents\myProjects\ethSafari\ecvs-system\server\ecvs\views.py changed, reloading.
INFO 2024-09-09 13:40:51,645 autoreload Watching for file changes with StatReloader
INFO 2024-09-09 13:41:15,863 autoreload C:\Users\HP\Documents\myProjects\ethSafari\ecvs-system\server\ecvs\views.py changed, reloading.
INFO 2024-09-09 13:41:20,747 autoreload Watching for file changes with StatReloader
INFO 2024-09-09 13:41:51,718 autoreload C:\Users\HP\Documents\myProjects\ethSafari\ecvs-system\server\ecvs\views.py changed, reloading.
INFO 2024-09-09 13:41:54,561 autoreload Watching for file changes with StatReloader
INFO 2024-09-09 13:42:02,164 autoreload C:\Users\HP\Documents\myProjects\ethSafari\ecvs-system\server\ecvs\views.py changed, reloading.
INFO 2024-09-09 13:42:04,068 autoreload Watching for file changes with StatReloader
INFO 2024-09-09 13:42:09,719 autoreload C:\Users\HP\Documents\myProjects\ethSafari\ecvs-system\server\ecvs\views.py changed, reloading.
INFO 2024-09-09 13:42:13,799 autoreload Watching for file changes with StatReloader
INFO 2024-09-09 13:42:24,840 autoreload C:\Users\HP\Documents\myProjects\ethSafari\ecvs-system\server\ecvs\views.py changed, reloading.
INFO 2024-09-09 13:42:34,337 autoreload Watching for file changes with StatReloader
ERROR 2024-09-09 14:58:08,356 views Unexpected error: table ecvs_credential has no column named is_verified
ERROR 2024-09-09 14:58:08,359 log Internal Server Error: /api/credentials/
ERROR 2024-09-09 14:58:09,404 views Unexpected error: table ecvs_credential has no column named is_verified
ERROR 2024-09-09 14:58:09,405 log Internal Server Error: /api/credentials/
ERROR 2024-09-09 14:58:09,408 views Unexpected error: An error occurred in the current transaction. You can't execute queries until the end of the 'atomic' block.
ERROR 2024-09-09 14:58:09,409 log Internal Server Error: /api/credentials/
ERROR 2024-09-09 14:58:10,753 views Unexpected error: {'date_issued': [ErrorDetail(string='Date issued cannot be in the future.', code='invalid')]}
ERROR 2024-09-09 14:58:10,755 log Internal Server Error: /api/credentials/
ERROR 2024-09-09 14:58:12,165 views Unexpected error: {'degree': [ErrorDetail(string='Degree must be at least 2 characters long.', code='invalid')]}
ERROR 2024-09-09 14:58:12,167 log Internal Server Error: /api/credentials/
ERROR 2024-09-09 14:58:13,459 views Unexpected error: {'institution': [ErrorDetail(string='Institution must be at least 2 characters long.', code='invalid')]}
ERROR 2024-09-09 14:58:13,460 log Internal Server Error: /api/credentials/
ERROR 2024-09-09 14:58:14,586 views Unexpected error: table ecvs_credential has no column named is_verified
ERROR 2024-09-09 14:58:14,594 log Internal Server Error: /api/credentials/
ERROR 2024-09-09 14:58:14,596 views Error deleting credential: An error occurred in the current transaction. You can't execute queries until the end of the 'atomic' block.
ERROR 2024-09-09 14:58:14,598 log Internal Server Error: /api/credentials/1/
ERROR 2024-09-09 14:58:15,788 log Internal Server Error: /api/credentials/
Traceback (most recent call last):
  File "C:\Users\HP\documents\myProjects\ethSafari\ecvs-system\venv\Lib\site-packages\django\db\backends\utils.py", line 105, in _execute
    return self.cursor.execute(sql, params)
           ^^^^^^^^^^^^^^^^^^^^^^^^^^^^^^^^
  File "C:\Users\HP\documents\myProjects\ethSafari\ecvs-system\venv\Lib\site-packages\django\db\backends\sqlite3\base.py", line 354, in execute
    return super().execute(query, params)
           ^^^^^^^^^^^^^^^^^^^^^^^^^^^^^^
sqlite3.OperationalError: no such column: ecvs_credential.is_verified

The above exception was the direct cause of the following exception:

Traceback (most recent call last):
  File "C:\Users\HP\documents\myProjects\ethSafari\ecvs-system\venv\Lib\site-packages\django\core\handlers\exception.py", line 55, in inner
    response = get_response(request)
               ^^^^^^^^^^^^^^^^^^^^^
  File "C:\Users\HP\documents\myProjects\ethSafari\ecvs-system\venv\Lib\site-packages\django\core\handlers\base.py", line 197, in _get_response
    response = wrapped_callback(request, *callback_args, **callback_kwargs)
               ^^^^^^^^^^^^^^^^^^^^^^^^^^^^^^^^^^^^^^^^^^^^^^^^^^^^^^^^^^^^
  File "C:\Users\HP\documents\myProjects\ethSafari\ecvs-system\venv\Lib\site-packages\django\views\decorators\csrf.py", line 65, in _view_wrapper
    return view_func(request, *args, **kwargs)
           ^^^^^^^^^^^^^^^^^^^^^^^^^^^^^^^^^^^
  File "C:\Users\HP\documents\myProjects\ethSafari\ecvs-system\venv\Lib\site-packages\rest_framework\viewsets.py", line 124, in view
    return self.dispatch(request, *args, **kwargs)
           ^^^^^^^^^^^^^^^^^^^^^^^^^^^^^^^^^^^^^^^
  File "C:\Users\HP\documents\myProjects\ethSafari\ecvs-system\venv\Lib\site-packages\rest_framework\views.py", line 509, in dispatch
    response = self.handle_exception(exc)
               ^^^^^^^^^^^^^^^^^^^^^^^^^^
  File "C:\Users\HP\documents\myProjects\ethSafari\ecvs-system\venv\Lib\site-packages\rest_framework\views.py", line 469, in handle_exception
    self.raise_uncaught_exception(exc)
  File "C:\Users\HP\documents\myProjects\ethSafari\ecvs-system\venv\Lib\site-packages\rest_framework\views.py", line 480, in raise_uncaught_exception
    raise exc
  File "C:\Users\HP\documents\myProjects\ethSafari\ecvs-system\venv\Lib\site-packages\rest_framework\views.py", line 506, in dispatch
    response = handler(request, *args, **kwargs)
               ^^^^^^^^^^^^^^^^^^^^^^^^^^^^^^^^^
  File "C:\Users\HP\documents\myProjects\ethSafari\ecvs-system\venv\Lib\site-packages\rest_framework\mixins.py", line 46, in list
    return Response(serializer.data)
                    ^^^^^^^^^^^^^^^
  File "C:\Users\HP\documents\myProjects\ethSafari\ecvs-system\venv\Lib\site-packages\rest_framework\serializers.py", line 795, in data
    ret = super().data
          ^^^^^^^^^^^^
  File "C:\Users\HP\documents\myProjects\ethSafari\ecvs-system\venv\Lib\site-packages\rest_framework\serializers.py", line 249, in data
    self._data = self.to_representation(self.instance)
                 ^^^^^^^^^^^^^^^^^^^^^^^^^^^^^^^^^^^^^
  File "C:\Users\HP\documents\myProjects\ethSafari\ecvs-system\venv\Lib\site-packages\rest_framework\serializers.py", line 713, in to_representation
    return [
           ^
  File "C:\Users\HP\documents\myProjects\ethSafari\ecvs-system\venv\Lib\site-packages\django\db\models\query.py", line 400, in __iter__
    self._fetch_all()
  File "C:\Users\HP\documents\myProjects\ethSafari\ecvs-system\venv\Lib\site-packages\django\db\models\query.py", line 1928, in _fetch_all
    self._result_cache = list(self._iterable_class(self))
                         ^^^^^^^^^^^^^^^^^^^^^^^^^^^^^^^^
  File "C:\Users\HP\documents\myProjects\ethSafari\ecvs-system\venv\Lib\site-packages\django\db\models\query.py", line 91, in __iter__
    results = compiler.execute_sql(
              ^^^^^^^^^^^^^^^^^^^^^
  File "C:\Users\HP\documents\myProjects\ethSafari\ecvs-system\venv\Lib\site-packages\django\db\models\sql\compiler.py", line 1574, in execute_sql
    cursor.execute(sql, params)
  File "C:\Users\HP\documents\myProjects\ethSafari\ecvs-system\venv\Lib\site-packages\django\db\backends\utils.py", line 79, in execute
    return self._execute_with_wrappers(
           ^^^^^^^^^^^^^^^^^^^^^^^^^^^^
  File "C:\Users\HP\documents\myProjects\ethSafari\ecvs-system\venv\Lib\site-packages\django\db\backends\utils.py", line 92, in _execute_with_wrappers
    return executor(sql, params, many, context)
           ^^^^^^^^^^^^^^^^^^^^^^^^^^^^^^^^^^^^
  File "C:\Users\HP\documents\myProjects\ethSafari\ecvs-system\venv\Lib\site-packages\django\db\backends\utils.py", line 100, in _execute
    with self.db.wrap_database_errors:
  File "C:\Users\HP\documents\myProjects\ethSafari\ecvs-system\venv\Lib\site-packages\django\db\utils.py", line 91, in __exit__
    raise dj_exc_value.with_traceback(traceback) from exc_value
  File "C:\Users\HP\documents\myProjects\ethSafari\ecvs-system\venv\Lib\site-packages\django\db\backends\utils.py", line 105, in _execute
    return self.cursor.execute(sql, params)
           ^^^^^^^^^^^^^^^^^^^^^^^^^^^^^^^^
  File "C:\Users\HP\documents\myProjects\ethSafari\ecvs-system\venv\Lib\site-packages\django\db\backends\sqlite3\base.py", line 354, in execute
    return super().execute(query, params)
           ^^^^^^^^^^^^^^^^^^^^^^^^^^^^^^
django.db.utils.OperationalError: no such column: ecvs_credential.is_verified
ERROR 2024-09-09 14:58:16,890 views Unexpected error: table ecvs_credential has no column named is_verified
ERROR 2024-09-09 14:58:16,910 log Internal Server Error: /api/credentials/
ERROR 2024-09-09 14:58:16,912 views Unexpected error: An error occurred in the current transaction. You can't execute queries until the end of the 'atomic' block.
ERROR 2024-09-09 14:58:16,914 log Internal Server Error: /api/credentials/1/
ERROR 2024-09-09 14:58:18,092 views Unexpected error: table ecvs_credential has no column named is_verified
ERROR 2024-09-09 14:58:18,092 log Internal Server Error: /api/credentials/
ERROR 2024-09-09 14:58:18,094 views Unexpected error: An error occurred in the current transaction. You can't execute queries until the end of the 'atomic' block.
ERROR 2024-09-09 14:58:18,095 log Internal Server Error: /api/credentials/1/
ERROR 2024-09-09 14:58:19,159 views Unexpected error: table ecvs_credential has no column named is_verified
ERROR 2024-09-09 14:58:19,160 log Internal Server Error: /api/credentials/
ERROR 2024-09-09 14:58:19,162 views Error verifying credential: An error occurred in the current transaction. You can't execute queries until the end of the 'atomic' block.
ERROR 2024-09-09 14:58:19,163 log Internal Server Error: /api/credentials/1/verify/
ERROR 2024-09-09 14:58:20,478 views Error verifying credential: no such column: ecvs_credential.is_verified
ERROR 2024-09-09 14:58:20,479 log Internal Server Error: /api/credentials/999/verify/
ERROR 2024-09-09 15:00:33,337 views Unexpected error: {'credential_id': [ErrorDetail(string='credential with this credential id already exists.', code='unique')]}
ERROR 2024-09-09 15:00:33,338 log Internal Server Error: /api/credentials/
ERROR 2024-09-09 15:00:34,484 views Unexpected error: {'date_issued': [ErrorDetail(string='Date issued cannot be in the future.', code='invalid')]}
ERROR 2024-09-09 15:00:34,485 log Internal Server Error: /api/credentials/
ERROR 2024-09-09 15:00:35,653 views Unexpected error: {'degree': [ErrorDetail(string='Degree must be at least 2 characters long.', code='invalid')]}
ERROR 2024-09-09 15:00:35,654 log Internal Server Error: /api/credentials/
ERROR 2024-09-09 15:00:36,684 views Unexpected error: {'institution': [ErrorDetail(string='Institution must be at least 2 characters long.', code='invalid')]}
ERROR 2024-09-09 15:00:36,685 log Internal Server Error: /api/credentials/
ERROR 2024-09-09 15:00:41,304 views Unexpected error: {'degree': [ErrorDetail(string='Degree must be at least 2 characters long.', code='invalid')]}
ERROR 2024-09-09 15:00:41,305 log Internal Server Error: /api/credentials/1/
ERROR 2024-09-09 15:00:43,338 views Error verifying credential: No Credential matches the given query.
ERROR 2024-09-09 15:00:43,338 log Internal Server Error: /api/credentials/999/verify/
INFO 2024-09-09 15:02:22,063 autoreload C:\Users\HP\Documents\myProjects\ethSafari\ecvs-system\server\ecvs\views.py changed, reloading.
INFO 2024-09-09 15:02:23,688 autoreload Watching for file changes with StatReloader
INFO 2024-09-09 15:02:34,929 autoreload C:\Users\HP\Documents\myProjects\ethSafari\ecvs-system\server\ecvs\views.py changed, reloading.
INFO 2024-09-09 15:02:37,169 autoreload Watching for file changes with StatReloader
INFO 2024-09-09 15:02:40,346 autoreload C:\Users\HP\Documents\myProjects\ethSafari\ecvs-system\server\ecvs\views.py changed, reloading.
INFO 2024-09-09 15:02:41,575 autoreload Watching for file changes with StatReloader
INFO 2024-09-09 15:02:55,840 autoreload C:\Users\HP\Documents\myProjects\ethSafari\ecvs-system\server\ecvs\views.py changed, reloading.
INFO 2024-09-09 15:02:57,287 autoreload Watching for file changes with StatReloader
INFO 2024-09-09 15:03:10,476 autoreload C:\Users\HP\Documents\myProjects\ethSafari\ecvs-system\server\ecvs\views.py changed, reloading.
INFO 2024-09-09 15:03:11,931 autoreload Watching for file changes with StatReloader
ERROR 2024-09-09 15:03:27,415 views Validation error: {'credential_id': [ErrorDetail(string='credential with this credential id already exists.', code='unique')]}
WARNING 2024-09-09 15:03:27,415 log Bad Request: /api/credentials/
ERROR 2024-09-09 15:03:28,436 views Validation error: {'date_issued': [ErrorDetail(string='Date issued cannot be in the future.', code='invalid')]}
WARNING 2024-09-09 15:03:28,437 log Bad Request: /api/credentials/
ERROR 2024-09-09 15:03:29,576 views Validation error: {'degree': [ErrorDetail(string='Degree must be at least 2 characters long.', code='invalid')]}
WARNING 2024-09-09 15:03:29,580 log Bad Request: /api/credentials/
ERROR 2024-09-09 15:03:30,803 views Validation error: {'institution': [ErrorDetail(string='Institution must be at least 2 characters long.', code='invalid')]}
WARNING 2024-09-09 15:03:30,804 log Bad Request: /api/credentials/
ERROR 2024-09-09 15:03:35,690 views Validation error: {'degree': [ErrorDetail(string='Degree must be at least 2 characters long.', code='invalid')]}
WARNING 2024-09-09 15:03:35,691 log Bad Request: /api/credentials/1/
WARNING 2024-09-09 15:03:37,719 log Not Found: /api/credentials/999/verify/
